[NET] Packet loss rate set to 0.050
[NET] DROPPED incoming packet type=3
[NET] DROPPED incoming packet type=3
[NET] DROPPED incoming packet type=4
[NET] DROPPED incoming packet type=3
[Receiver] Listening on port 9005...
[Receiver] Waiting for FILE_HDR...
[Receiver] Received FILE_HDR: filename=test_files/1mb.bin filesize=1048576 records=16384 rec_size=64
[Receiver] Sent FILE_HDR_ACK.
[Receiver] Waiting for first BLAST_PKT or IS_BLAST_OVER... (try 1)
[Receiver] BLAST 1 packet 1 received (16 records, n_packets=16)
[Receiver] BLAST 1 packet 2 received (16 records, n_packets=16)
[Receiver] BLAST 1 packet 4 received (16 records, n_packets=16)
[Receiver] BLAST 1 packet 5 received (16 records, n_packets=16)
[Receiver] BLAST 1 packet 6 received (16 records, n_packets=16)
[Receiver] BLAST 1 packet 8 received (16 records, n_packets=16)
[Receiver] BLAST 1 packet 9 received (16 records, n_packets=16)
[Receiver] BLAST 1 packet 11 received (16 records, n_packets=16)
[Receiver] BLAST 1 packet 12 received (16 records, n_packets=16)
[Receiver] BLAST 1 packet 13 received (16 records, n_packets=16)
[Receiver] BLAST 1 packet 14 received (16 records, n_packets=16)
[Receiver] BLAST 1 packet 15 received (16 records, n_packets=16)
[Receiver] Received IS_BLAST_OVER for blast=1
[Receiver] Sent REC_MISS(3 missing)
[Receiver] BLAST 1 packet 7 received (16 records, n_packets=16)
[Receiver] BLAST 1 packet 10 received (16 records, n_packets=16)
[Receiver] Received IS_BLAST_OVER for blast=1
[Receiver] Sent REC_MISS(1 missing)
[Receiver] BLAST 1 packet 3 received (16 records, n_packets=16)
[Receiver] Received IS_BLAST_OVER for blast=1
[Receiver] Sent REC_MISS(empty)
[Receiver] Writing blast 1 data to disk...
[Receiver] Wrote 16384 bytes for blast 1 to data/output/1mb.bin
[Receiver] New BLAST 2 begins (packets=16)
[Receiver] BLAST 2 packet 1 received (16 records, n_packets=16)
[Receiver] BLAST 2 packet 2 received (16 records, n_packets=16)
[Receiver] BLAST 2 packet 3 received (16 records, n_packets=16)
[Receiver] BLAST 2 packet 4 received (16 records, n_packets=16)
[Receiver] BLAST 2 packet 5 received (16 records, n_packets=16)
[Receiver] BLAST 2 packet 6 received (16 records, n_packets=16)
[Receiver] BLAST 2 packet 7 received (16 records, n_packets=16)
[Receiver] BLAST 2 packet 8 received (16 records, n_packets=16)
[Receiver] BLAST 2 packet 10 received (16 records, n_packets=16)
[Receiver] BLAST 2 packet 11 received (16 records, n_packets=16)
[Receiver] BLAST 2 packet 12 received (16 records, n_packets=16)
[Receiver] BLAST 2 packet 13 received (16 records, n_packets=16)
[Receiver] BLAST 2 packet 14 received (16 records, n_packets=16)
[Receiver] BLAST 2 packet 15 received (16 records, n_packets=16)
[Receiver] Received IS_BLAST_OVER for blast=2
[Receiver] Sent REC_MISS(1 missing)
[Receiver] BLAST 2 packet 9 received (16 records, n_packets=16)
[Receiver] Received IS_BLAST_OVER for blast=2
[Receiver] Sent REC_MISS(empty)
[Receiver] Writing blast 2 data to disk...
[Receiver] Wrote 16384 bytes for blast 2 to data/output/1mb.bin
[Receiver] New BLAST 3 begins (packets=16)
[Receiver] BLAST 3 packet 1 received (16 records, n_packets=16)
[Receiver] BLAST 3 packet 2 received (16 records, n_packets=16)
[Receiver] BLAST 3 packet 3 received (16 records, n_packets=16)
[Receiver] BLAST 3 packet 4 received (16 records, n_packets=16)
[Receiver] BLAST 3 packet 5 received (16 records, n_packets=16)
[Receiver] BLAST 3 packet 6 received (16 records, n_packets=16)
[Receiver] BLAST 3 packet 7 received (16 records, n_packets=16)
[Receiver] BLAST 3 packet 8 received (16 records, n_packets=16)
[Receiver] BLAST 3 packet 10 received (16 records, n_packets=16)
[Receiver] BLAST 3 packet 11 received (16 records, n_packets=16)
[Receiver] BLAST 3 packet 12 received (16 records, n_packets=16)
[Receiver] BLAST 3 packet 14 received (16 records, n_packets=16)
[Receiver] Received IS_BLAST_OVER for blast=3
[Receiver] Sent REC_MISS(3 missing)
[Receiver] BLAST 3 packet 9 received (16 records, n_packets=16)
[Receiver] BLAST 3 packet 13 received (16 records, n_packets=16)
[Receiver] Received IS_BLAST_OVER for blast=3
[Receiver] Sent REC_MISS(1 missing)
[Receiver] BLAST 3 packet 15 received (16 records, n_packets=16)
[Receiver] Received IS_BLAST_OVER for blast=3
[Receiver] Sent [NET] DROPPED incoming packet type=3
[NET] DROPPED incoming packet type=3
REC_MISS(empty)
[Receiver] Writing blast 3 data to disk...
[Receiver] Wrote 16384 bytes for blast 3 to data/output/1mb.bin
[Receiver] New BLAST 4 begins (packets=16)
[Receiver] BLAST 4 packet 1 received (16 records, n_packets=16)
[Receiver] BLAST 4 packet 2 received (16 records, n_packets=16)
[Receiver] BLAST 4 packet 3 received (16 records, n_packets=16)
[Receiver] BLAST 4 packet 4 received (16 records, n_packets=16)
[Receiver] BLAST 4 packet 5 received (16 records, n_packets=16)
[Receiver] BLAST 4 packet 6 received (16 records, n_packets=16)
[Receiver] BLAST 4 packet 7 received (16 records, n_packets=16)
[Receiver] BLAST 4 packet 8 received (16 records, n_packets=16)
[Receiver] BLAST 4 packet 9 received (16 records, n_packets=16)
[Receiver] BLAST 4 packet 10 received (16 records, n_packets=16)
[Receiver] BLAST 4 packet 11 received (16 records, n_packets=16)
[Receiver] BLAST 4 packet 12 received (16 records, n_packets=16)
[Receiver] BLAST 4 packet 13 received (16 records, n_packets=16)
[Receiver] BLAST 4 packet 14 received (16 records, n_packets=16)
[Receiver] BLAST 4 packet 15 received (16 records, n_packets=16)
[Receiver] Received IS_BLAST_OVER for blast=4
[Receiver] Sent REC_MISS(empty)
[Receiver] Writing blast 4 data to disk...
[Receiver] Wrote 16384 bytes for blast 4 to data/output/1mb.bin
[Receiver] New BLAST 5 begins (packets=16)
[Receiver] BLAST 5 packet 1 received (16 records, n_packets=16)
[Receiver] BLAST 5 packet 2 received (16 records, n_packets=16)
[Receiver] BLAST 5 packet 3 received (16 records, n_packets=16)
[Receiver] BLAST 5 packet 4 received (16 records, n_packets=16)
[Receiver] BLAST 5 packet 5 received (16 records, n_packets=16)
[Receiver] BLAST 5 packet 6 received (16 records, n_packets=16)
[Receiver] BLAST 5 packet 7 received (16 records, n_packets=16)
[Receiver] BLAST 5 packet 8 received (16 records, n_packets=16)
[Receiver] BLAST 5 packet 9 received (16 records, n_packets=16)
[Receiver] BLAST 5 packet 10 received (16 records, n_packets=16)
[Receiver] BLAST 5 packet 11 received (16 records, n_packets=16)
[Receiver] BLAST 5 packet 12 received (16 records, n_packets=16)
[Receiver] BLAST 5 packet 13 received (16 records, n_packets=16)
[Receiver] BLAST 5 packet 14 received (16 records, n_packets=16)
[Receiver] Received IS_BLAST_OVER for blast=5
[Receiver] Sent REC_MISS(1 missing)
[Receiver] BLAST 5 packet 15 received (16 records, n_packets=16)
[Receiver] Received IS_BLAST_OVER for blast=5
[Receiver] Sent REC_MISS(empty)
[Receiver] Writing blast 5 data to disk...
[Receiver] Wrote 16384 bytes for blast 5 to data/output/1mb.bin
[Receiver] New BLAST 6 begins (packets=16)
[Receiver] BLAST 6 packet 1 received (16 records, n_packets=16)
[Receiver] BLAST 6 packet 2 received (16 records, n_packets=16)
[Receiver] BLAST 6 packet 4 received (16 records, n_packets=16)
[Receiver] BLAST 6 packet 5 received (16 records, n_packets=16)
[Receiver] BLAST 6 packet 6 received (16 records, n_packets=16)
[Receiver] BLAST 6 packet 7 received (16 records, n_packets=16)
[Receiver] BLAST 6 packet 8 received (16 records, n_packets=16)
[Receiver] BLAST 6 packet 9 received (16 records, n_packets=16)
[Receiver] BLAST 6 packet 10 received (16 records, n_packets=16)
[Receiver] BLAST 6 packet 11 received (16 records, n_packets=16)
[Receiver] BLAST 6 packet 12 received (16 records, n_packets=16)
[Receiver] BLAST 6 packet 13 received (16 records, n_packets=16)
[Receiver] BLAST 6 packet 14 received (16 records, n_packets=16)
[Receiver] Received IS_BLAST_OVER for blast=6
[Receiver] Sent REC_MISS(2 missing)
[Receiver] BLAST 6 packet 3 received (16 records, n_packets=16)
[Receiver] BLAST 6 packet 15 received (16 records, n_packets=16)
[Receiver] Received IS_BLAST_OVER for blast=6
[Receiver] Sent REC_MISS(empty)
[Receiver] Writing blast 6 data to disk...
[Receiver] Wrote 16384 bytes for blast 6 to data/output/1mb.bin
[Receiver] New BLAST 7 begins (packets=16)
[Receiver] BLAST 7 packet 1 received (16 records, n_packets=16)
[Receiver] BLAST 7 packet 2 received (16 records, n_packets=16)
[Receiver] BLAST 7 packet 3 received (16 records, n_pack[NET] DROPPED outgoing packet type=5
ets=16)
[Receiver] BLAST 7 packet 4 received (16 records, n_packets=16)
[Receiver] BLAST 7 packet 5 received (16 records, n_packets=16)
[Receiver] BLAST 7 packet 6 received (16 records, n_packets=16)
[Receiver] BLAST 7 packet 7 received (16 records, n_packets=16)
[Receiver] BLAST 7 packet 8 received (16 records, n_packets=16)
[Receiver] BLAST 7 packet 9 received (16 records, n_packets=16)
[Receiver] BLAST 7 packet 10 received (16 records, n_packets=16)
[Receiver] BLAST 7 packet 11 received (16 records, n_packets=16)
[Receiver] BLAST 7 packet 12 received (16 records, n_packets=16)
[Receiver] BLAST 7 packet 13 received (16 records, n_packets=16)
[Receiver] BLAST 7 packet 14 received (16 records, n_packets=16)
[Receiver] BLAST 7 packet 15 received (16 records, n_packets=16)
[Receiver] Received IS_BLAST_OVER for blast=7
[Receiver] Sent REC_MISS(empty)
[Receiver] Writing blast 7 data to disk...
[Receiver] Wrote 16384 bytes for blast 7 to data/output/1mb.bin
[Receiver] Got duplicate IS_BLAST_OVER for blast 7. Resending REC_MISS(0).
[Receiver] New BLAST 8 begins (packets=16)
[Receiver] BLAST 8 packet 1 received (16 records, n_packets=16)
[Receiver] BLAST 8 packet 2 received (16 records, n_packets=16)
[Receiver] BLAST 8 packet 3 received (16 records, n_packets=16)
[Receiver] BLAST 8 packet 4 received (16 records, n_packets=16)
[Receiver] BLAST 8 packet 5 received (16 records, n_packets=16)
[Receiver] BLAST 8 packet 6 received (16 records, n_packets=16)
[Receiver] BLAST 8 packet 7 received (16 records, n_packets=16)
[Receiver] BLAST 8 packet 8 received (16 records, n_packets=16)
[Receiver] BLAST 8 packet 9 received (16 records, n_packets=16)
[Receiver] BLAST 8 packet 10 received (16 records, n_packets=16)
[Receiver] BLAST 8 packet 11 received (16 records, n_packets=16)
[Receiver] BLAST 8 packet 12 received (16 records, n_packets=16)
[Receiver] BLAST 8 packet 13 received (16 records, n_packets=16)
[Receiver] BLAST 8 packet 14 received (16 records, n_packets=16)
[Receiver] BLAST 8 packet 15 received (16 records, n_packets=16)
[Receiver] Received IS_BLAST_OVER for blast=8
[Receiver] Sent REC_MISS(empty)
[Receiver] Writing blast 8 data to disk...
[Receiver] Wrote 16384 bytes for blast 8 to data/output/1mb.bin
[Receiver] New BLAST 9 begins (packets=16)
[Receiver] BLAST 9 packet 1 received (16 records, n_packets=16)
[Receiver] BLAST 9 packet 2 received (16 records, n_packets=16)
[Receiver] BLAST 9 packet 3 received (16 records, n_packets=16)
[Receiver] BLAST 9 packet 4 received (16 records, n_packets=16)
[Receiver] BLAST 9 packet 5 received (16 records, n_packets=16)
[Receiver] BLAST 9 packet 6 received (16 records, n_packets=16)
[Receiver] BLAST 9 packet 7 received (16 records, n_packets=16)
[Receiver] BLAST 9 packet 8 received (16 records, n_packets=16)
[Receiver] BLAST 9 packet 9 received (16 records, n_packets=16)
[Receiver] BLAST 9 packet 10 received (16 records, n_packets=16)
[Receiver] BLAST 9 packet 11 received (16 records, n_packets=16)
[Receiver] BLAST 9 packet 12 received (16 records, n_packets=16)
[Receiver] BLAST 9 packet 13 received (16 records, n_packets=16)
[Receiver] BLAST 9 packet 14 received (16 records, n_packets=16)
[Receiver] BLAST 9 packet 15 received (16 records, n_packets=16)
[Receiver] Received IS_BLAST_OVER for blast=9
[Receiver] Sent REC_MISS(empty)
[Receiver] Writing blast 9 data to disk...
[Receiver] Wrote 16384 bytes for blast 9 to data/output/1mb.bin
[Receiver] New BLAST 10 begins (packets=16)
[Receiver] BLAST 10 packet 1 received (16 records, n_packets=16)
[Receiver] BLAST 10 packet 2 received (16 records, n_packets=16)
[Receiver] BLAST 10 packet 3 received (16 records, n_packets=16)
[Receiver] BLAST 10 packet 4 received (16 records, n_packets=16)
[Receiver] BLAST 10 packet 5 received (16 records, n_packets=16)
[Receiver] BLAST 10 packet 6 received (16 records, n_packets=16)
[Receiver] BLAST 10 packet 7 received (16 records, n_packets=16)
[Receiver] BLAST 10 packet 8 received (16 records, n_packets=16)
[Receiver] BLAST 10 packet 9 received (16 records, n_packets=16)
[Receiver] BLAST 10 packet 10 received (16 records, n_packets=16)
[Receiver] BLAST 10 packet 11 received (16 records, n_packets=16)
[Receiver] BLAST 10 packet 12 received (16 records, n_packets=16)
[Receiver] BLAST 10 packet 13 received (16 records, n_packets=16)
[Receiver] BLAST 10 packet 14 received (16 records, n_packets=16)
[Receiver] BLAST 10 packet 15 received (16 records, n_packets=16)
[Receiver] Received IS_BLAST_OVER for blast=10
[Receiver] Sent REC_MISS(empty)
[Receiver] Writing blast 10 data to disk...
[Receiver] Wrote 16384 bytes for blast 10 to data/output/1mb.bin
[Receiver] New BLAST 11 begins (packets=16)
[Receiver] BLAST 11 packet 1 received (16 records, n_packets=16)
[Receiver] BLAST 11 packet 2 received (16 records, n_packets=16)
[Receiver] BLAST 11 packet 3 received (16 records, n_packets=16)
[Receiver] BLAST 11 packet 4 received (16 records, n_packets=16)
[Receiver] BLAST 11 packet 5 received (16 records, n_packets=16)
[Receiver] BLAST 11 packet 6 received (16 records, n_packets=16)
[Receiver] BLAST 11 packet 7 received (16 records, n_packets=16)
[Receiver] BLAST 11 packet 8 received (16 records, n_packets=16)
[Receiver] BLAST 11 packet 10 received (16 records, n_packets=16)
[Receiver] BLAST 11 packet 11 received (16 records, n_packets=16)
[Receiver] BLAST 11 packet 13 received (16 records, n_packets=16)
[Receiver] BLAST 11 packet 14 received (16 records, n_packets=16)
[Receiver] BLAST 11 packet 15 received (16 records, n_packets=16)
[Receiver] Received IS_BLAST_OVER for blast=11
[Receiver] Sent REC_MISS(2 missing)
[Receiver] BLAST 11 packet 9 received (16 records, n_packets=16)
[Receiver] BLAST 11 packet 12 received (16 records, n_packets=16)
[Receiver] Received IS_BLAST_OVER for blast=11
[Receiver] Sent REC_MISS(empty)
[Receiver] Writing blast 11 data to disk...
[Receiver] Wrote 16384 bytes for blast 11 to data/output/1mb.bin
[Receiver] New BLAST 12 begins (packets=16)
[Receiver] BLAST 12 packet 1 received (16 records, n_packets=16)
[Receiver] BLAST 12 packet 2 received (16 records, n_packets=16)
[Receiver] BLAST 12 packet 3 received (16 records, n_packets=16)
[Receiver] BLAST 12 packet 4 received (16 records, n_packets=16)
[Receiver] BLAST 12 packet 5 received (16 records, n_packets=16)
[Receiver] BLAST 12 packet 6 received (16 records, n_packets=16)
[Receiver] BLAST 12 packet 7 received (16 records, n_packets=16)
[Receiver] BLAST 12 packet 8 received (16 records, n_packets=16)
[Receiver] BLAST 12 packet 9 received (16 records, n_packets=16)
[Receiver] BLAST 12 packet 10 received (16 records, n_packets=16)
[Receiver] BLAST 12 packet 11 received (16 records, n_packets=16)
[Receiver] BLAST 12 packet 12 received (16 records, n_packets=16)
[Receiver] BLAST 12 packet 13 received (16 records, n_packets=16)
[Receiver] BLAST 12 packet 14 received (16 records, n_packets=16)
[Receiver] BLAST 12 packet 15 received (16 records, n_packets=16)
[Receiver] Received IS_BLAST_OVER for blast=12
[Receiver] Sent REC_MISS(empty)
[Receiver] Writing blast 12 data to disk...
[Receiver] Wrote 16384 bytes for blast 12 to data/output/1mb.bin
[Receiver] New BLAST 13 begins (packets=16)
[Receiver] BLAST 13 packet 1 received (16 records, n_packets=16)
[Receiver] BLAST 13 packet 2 received (16 records, n_packets=16)
[Receiver] BLAST 13 packet 3 received (16 records, n_packets=16)
[Receiver] BLAST 13 packet 5 received (16 records, n_packets=16)
[Receiver] BLAST 13 packet 6 received (16 records, n_packets=16)
[Receiver] BLAST 13 packet 7 received (16 records, n_packets=16)
[Receiver] BLAST 13 packet 8 received (16 records, n_packets=16)
[Receiver] BLAST 13 packet 9 received (16 records, n_packets=16)
[Receiver] BLAST 13 packet 10 received (16 records, n_packets=16)
[Receiver] BLAST 13 packet 11 received (16 records, n_packets=16)
[Receiver] BLAST 13 packet 12 received (16 records, n_packets=16)
[Receiver] BLAST 13 packet 13 received (16 records, n_packets=16)
[Receiver] BLAST 13 packet 14 received (16 records, n_packets=16)
[Receiver] BLAST 13 packet 15 received (16 records, n_packets=16)
[Receiver] Received IS_BLAST_OVER for blast=13
[Receiver] Sent REC_MISS(1 missin[NET] DROPPED incoming packet type=4
[NET] DROPPED outgoing packet type=5
[NET] DROPPED incoming packet type=3
g)
[Receiver] BLAST 13 packet 4 received (16 records, n_packets=16)
[Receiver] Received IS_BLAST_OVER for blast=13
[Receiver] Sent REC_MISS(empty)
[Receiver] Writing blast 13 data to disk...
[Receiver] Wrote 16384 bytes for blast 13 to data/output/1mb.bin
[Receiver] New BLAST 14 begins (packets=16)
[Receiver] BLAST 14 packet 1 received (16 records, n_packets=16)
[Receiver] BLAST 14 packet 2 received (16 records, n_packets=16)
[Receiver] BLAST 14 packet 3 received (16 records, n_packets=16)
[Receiver] BLAST 14 packet 4 received (16 records, n_packets=16)
[Receiver] BLAST 14 packet 5 received (16 records, n_packets=16)
[Receiver] BLAST 14 packet 6 received (16 records, n_packets=16)
[Receiver] BLAST 14 packet 8 received (16 records, n_packets=16)
[Receiver] BLAST 14 packet 9 received (16 records, n_packets=16)
[Receiver] BLAST 14 packet 10 received (16 records, n_packets=16)
[Receiver] BLAST 14 packet 11 received (16 records, n_packets=16)
[Receiver] BLAST 14 packet 12 received (16 records, n_packets=16)
[Receiver] BLAST 14 packet 13 received (16 records, n_packets=16)
[Receiver] BLAST 14 packet 14 received (16 records, n_packets=16)
[Receiver] BLAST 14 packet 15 received (16 records, n_packets=16)
[Receiver] Received IS_BLAST_OVER for blast=14
[Receiver] Sent REC_MISS(1 missing)
[Receiver] Received IS_BLAST_OVER for blast=14
[Receiver] Sent REC_MISS(1 missing)
[Receiver] Received IS_BLAST_OVER for blast=14
[Receiver] Sent REC_MISS(1 missing)
[Receiver] Received IS_BLAST_OVER for blast=14
[Receiver] Sent REC_MISS(1 missing)
[Receiver] BLAST 14 packet 7 received (16 records, n_packets=16)
[Receiver] Received IS_BLAST_OVER for blast=14
[Receiver] Sent REC_MISS(empty)
[Receiver] Writing blast 14 data to disk...
[Receiver] Wrote 16384 bytes for blast 14 to data/output/1mb.bin
[Receiver] New BLAST 15 begins (packets=16)
[Receiver] BLAST 15 packet 2 received (16 records, n_packets=16)
[Receiver] BLAST 15 packet 3 received (16 records, n_packets=16)
[Receiver] BLAST 15 packet 4 received (16 records, n_packets=16)
[Receiver] BLAST 15 packet 5 received (16 records, n_packets=16)
[Receiver] BLAST 15 packet 6 received (16 records, n_packets=16)
[Receiver] BLAST 15 packet 7 received (16 records, n_packets=16)
[Receiver] BLAST 15 packet 8 received (16 records, n_packets=16)
[Receiver] BLAST 15 packet 9 received (16 records, n_packets=16)
[Receiver] BLAST 15 packet 10 received (16 records, n_packets=16)
[Receiver] BLAST 15 packet 11 received (16 records, n_packets=16)
[Receiver] BLAST 15 packet 12 received (16 records, n_packets=16)
[Receiver] BLAST 15 packet 14 received (16 records, n_packets=16)
[Receiver] BLAST 15 packet 15 received (16 records, n_packets=16)
[Receiver] Received IS_BLAST_OVER for blast=15
[Receiver] Sent REC_MISS(2 missing)
[Receiver] BLAST 15 packet 0 received (16 records, n_packets=16)
[Receiver] BLAST 15 packet 13 received (16 records, n_packets=16)
[Receiver] Received IS_BLAST_OVER for blast=15
[Receiver] Sent REC_MISS(empty)
[Receiver] Writing blast 15 data to disk...
[Receiver] Wrote 16384 bytes for blast 15 to data/output/1mb.bin
[Receiver] New BLAST 16 begins (packets=16)
[Receiver] BLAST 16 packet 1 received (16 records, n_packets=16)
[Receiver] BLAST 16 packet 2 received (16 records, n_packets=16)
[Receiver] BLAST 16 packet 3 received (16 records, n_packets=16)
[Receiver] BLAST 16 packet 4 received (16 records, n_packets=16)
[Receiver] BLAST 16 packet 6 received (16 records, n_packets=16)
[Receiver] BLAST 16 packet 7 received (16 records, n_packets=16)
[Receiver] BLAST 16 packet 8 received (16 records, n_packets=16)
[Receiver] BLAST 16 packet 9 received (16 records, n_packets=16)
[Receiver] BLAST 16 packet 10 received (16 records, n_packets=16)
[Receiver] BLAST 16 packet 11 received (16 records, n_packets=16)
[Receiver] BLAST 16 packet 12 received (16 records, n_packets=16)
[Receiver] BLAST 16 packet 13 received (16 records, n_packets=16)
[Receiver] BLAST 16 packet 14 received (16 records, n_packets=16)
[Receiver] BLAST 16 packet 15 received (16 records, n_packets=16)
[Receiver] Received IS_BLAST_OVER for b[NET] DROPPED incoming packet type=3
[NET] DROPPED incoming packet type=3
[NET] DROPPED incoming packet type=3
[NET] DROPPED incoming packet type=3
last=16
[Receiver] Sent REC_MISS(1 missing)
[Receiver] BLAST 16 packet 5 received (16 records, n_packets=16)
[Receiver] Received IS_BLAST_OVER for blast=16
[Receiver] Sent REC_MISS(empty)
[Receiver] Writing blast 16 data to disk...
[Receiver] Wrote 16384 bytes for blast 16 to data/output/1mb.bin
[Receiver] New BLAST 17 begins (packets=16)
[Receiver] BLAST 17 packet 2 received (16 records, n_packets=16)
[Receiver] BLAST 17 packet 3 received (16 records, n_packets=16)
[Receiver] BLAST 17 packet 4 received (16 records, n_packets=16)
[Receiver] BLAST 17 packet 5 received (16 records, n_packets=16)
[Receiver] BLAST 17 packet 6 received (16 records, n_packets=16)
[Receiver] BLAST 17 packet 7 received (16 records, n_packets=16)
[Receiver] BLAST 17 packet 8 received (16 records, n_packets=16)
[Receiver] BLAST 17 packet 9 received (16 records, n_packets=16)
[Receiver] BLAST 17 packet 10 received (16 records, n_packets=16)
[Receiver] BLAST 17 packet 11 received (16 records, n_packets=16)
[Receiver] BLAST 17 packet 12 received (16 records, n_packets=16)
[Receiver] BLAST 17 packet 13 received (16 records, n_packets=16)
[Receiver] BLAST 17 packet 14 received (16 records, n_packets=16)
[Receiver] BLAST 17 packet 15 received (16 records, n_packets=16)
[Receiver] Received IS_BLAST_OVER for blast=17
[Receiver] Sent REC_MISS(1 missing)
[Receiver] Received IS_BLAST_OVER for blast=17
[Receiver] Sent REC_MISS(1 missing)
[Receiver] BLAST 17 packet 1 received (16 records, n_packets=16)
[Receiver] Received IS_BLAST_OVER for blast=17
[Receiver] Sent REC_MISS(empty)
[Receiver] Writing blast 17 data to disk...
[Receiver] Wrote 16384 bytes for blast 17 to data/output/1mb.bin
[Receiver] New BLAST 18 begins (packets=16)
[Receiver] BLAST 18 packet 1 received (16 records, n_packets=16)
[Receiver] BLAST 18 packet 2 received (16 records, n_packets=16)
[Receiver] BLAST 18 packet 3 received (16 records, n_packets=16)
[Receiver] BLAST 18 packet 4 received (16 records, n_packets=16)
[Receiver] BLAST 18 packet 5 received (16 records, n_packets=16)
[Receiver] BLAST 18 packet 6 received (16 records, n_packets=16)
[Receiver] BLAST 18 packet 7 received (16 records, n_packets=16)
[Receiver] BLAST 18 packet 8 received (16 records, n_packets=16)
[Receiver] BLAST 18 packet 10 received (16 records, n_packets=16)
[Receiver] BLAST 18 packet 11 received (16 records, n_packets=16)
[Receiver] BLAST 18 packet 12 received (16 records, n_packets=16)
[Receiver] BLAST 18 packet 13 received (16 records, n_packets=16)
[Receiver] BLAST 18 packet 14 received (16 records, n_packets=16)
[Receiver] BLAST 18 packet 15 received (16 records, n_packets=16)
[Receiver] Received IS_BLAST_OVER for blast=18
[Receiver] Sent REC_MISS(1 missing)
[Receiver] Received IS_BLAST_OVER for blast=18
[Receiver] Sent REC_MISS(1 missing)
[Receiver] BLAST 18 packet 9 received (16 records, n_packets=16)
[Receiver] Received IS_BLAST_OVER for blast=18
[Receiver] Sent REC_MISS(empty)
[Receiver] Writing blast 18 data to disk...
[Receiver] Wrote 16384 bytes for blast 18 to data/output/1mb.bin
[Receiver] New BLAST 19 begins (packets=16)
[Receiver] BLAST 19 packet 2 received (16 records, n_packets=16)
[Receiver] BLAST 19 packet 4 received (16 records, n_packets=16)
[Receiver] BLAST 19 packet 5 received (16 records, n_packets=16)
[Receiver] BLAST 19 packet 6 received (16 records, n_packets=16)
[Receiver] BLAST 19 packet 7 received (16 records, n_packets=16)
[Receiver] BLAST 19 packet 8 received (16 records, n_packets=16)
[Receiver] BLAST 19 packet 9 received (16 records, n_packets=16)
[Receiver] BLAST 19 packet 10 received (16 records, n_packets=16)
[Receiver] BLAST 19 packet 11 received (16 records, n_packets=16)
[Receiver] BLAST 19 packet 12 received (16 records, n_packets=16)
[Receiver] BLAST 19 packet 13 received (16 records, n_packets=16)
[Receiver] BLAST 19 packet 14 received (16 records, n_packets=16)
[Receiver] BLAST 19 packet 15 received (16 records, n_packets=16)
[Receiver] Received IS_BLAST_OVER for blast=19
[Receiver] Sent REC_MISS(2 missing)
[Receiver] Received IS_BLAST_OVER for blast=19
[Receiver] Sent [NET] DROPPED incoming packet type=3
[NET] DROPPED incoming packet type=3
[NET] DROPPED incoming packet type=3
[NET] DROPPED incoming packet type=3
REC_MISS(2 missing)
[Receiver] BLAST 19 packet 0 received (16 records, n_packets=16)
[Receiver] BLAST 19 packet 3 received (16 records, n_packets=16)
[Receiver] Received IS_BLAST_OVER for blast=19
[Receiver] Sent REC_MISS(empty)
[Receiver] Writing blast 19 data to disk...
[Receiver] Wrote 16384 bytes for blast 19 to data/output/1mb.bin
[Receiver] New BLAST 20 begins (packets=16)
[Receiver] BLAST 20 packet 1 received (16 records, n_packets=16)
[Receiver] BLAST 20 packet 2 received (16 records, n_packets=16)
[Receiver] BLAST 20 packet 3 received (16 records, n_packets=16)
[Receiver] BLAST 20 packet 5 received (16 records, n_packets=16)
[Receiver] BLAST 20 packet 6 received (16 records, n_packets=16)
[Receiver] BLAST 20 packet 7 received (16 records, n_packets=16)
[Receiver] BLAST 20 packet 8 received (16 records, n_packets=16)
[Receiver] BLAST 20 packet 9 received (16 records, n_packets=16)
[Receiver] BLAST 20 packet 10 received (16 records, n_packets=16)
[Receiver] BLAST 20 packet 11 received (16 records, n_packets=16)
[Receiver] BLAST 20 packet 12 received (16 records, n_packets=16)
[Receiver] BLAST 20 packet 13 received (16 records, n_packets=16)
[Receiver] BLAST 20 packet 14 received (16 records, n_packets=16)
[Receiver] BLAST 20 packet 15 received (16 records, n_packets=16)
[Receiver] Received IS_BLAST_OVER for blast=20
[Receiver] Sent REC_MISS(1 missing)
[Receiver] BLAST 20 packet 4 received (16 records, n_packets=16)
[Receiver] Received IS_BLAST_OVER for blast=20
[Receiver] Sent REC_MISS(empty)
[Receiver] Writing blast 20 data to disk...
[Receiver] Wrote 16384 bytes for blast 20 to data/output/1mb.bin
[Receiver] New BLAST 21 begins (packets=16)
[Receiver] BLAST 21 packet 2 received (16 records, n_packets=16)
[Receiver] BLAST 21 packet 3 received (16 records, n_packets=16)
[Receiver] BLAST 21 packet 4 received (16 records, n_packets=16)
[Receiver] BLAST 21 packet 5 received (16 records, n_packets=16)
[Receiver] BLAST 21 packet 6 received (16 records, n_packets=16)
[Receiver] BLAST 21 packet 7 received (16 records, n_packets=16)
[Receiver] BLAST 21 packet 8 received (16 records, n_packets=16)
[Receiver] BLAST 21 packet 9 received (16 records, n_packets=16)
[Receiver] BLAST 21 packet 10 received (16 records, n_packets=16)
[Receiver] BLAST 21 packet 13 received (16 records, n_packets=16)
[Receiver] BLAST 21 packet 14 received (16 records, n_packets=16)
[Receiver] BLAST 21 packet 15 received (16 records, n_packets=16)
[Receiver] Received IS_BLAST_OVER for blast=21
[Receiver] Sent REC_MISS(3 missing)
[Receiver] Received IS_BLAST_OVER for blast=21
[Receiver] Sent REC_MISS(3 missing)
[Receiver] Received IS_BLAST_OVER for blast=21
[Receiver] Sent REC_MISS(3 missing)
[Receiver] BLAST 21 packet 1 received (16 records, n_packets=16)
[Receiver] BLAST 21 packet 11 received (16 records, n_packets=16)
[Receiver] BLAST 21 packet 12 received (16 records, n_packets=16)
[Receiver] Received IS_BLAST_OVER for blast=21
[Receiver] Sent REC_MISS(empty)
[Receiver] Writing blast 21 data to disk...
[Receiver] Wrote 16384 bytes for blast 21 to data/output/1mb.bin
[Receiver] New BLAST 22 begins (packets=16)
[Receiver] BLAST 22 packet 1 received (16 records, n_packets=16)
[Receiver] BLAST 22 packet 2 received (16 records, n_packets=16)
[Receiver] BLAST 22 packet 3 received (16 records, n_packets=16)
[Receiver] BLAST 22 packet 5 received (16 records, n_packets=16)
[Receiver] BLAST 22 packet 7 received (16 records, n_packets=16)
[Receiver] BLAST 22 packet 9 received (16 records, n_packets=16)
[Receiver] BLAST 22 packet 10 received (16 records, n_packets=16)
[Receiver] BLAST 22 packet 11 received (16 records, n_packets=16)
[Receiver] BLAST 22 packet 12 received (16 records, n_packets=16)
[Receiver] BLAST 22 packet 13 received (16 records, n_packets=16)
[Receiver] BLAST 22 packet 14 received (16 records, n_packets=16)
[Receiver] Received IS_BLAST_OVER for blast=22
[Receiver] Sent REC_MISS(4 missing)
[Receiver] BLAST 22 packet 4 received (16 records, n_packets=16)
[Receiver] BLAST 22 packet 6 received (16 records, n_packets=16)
[Receiver] BLAST 22 pac[NET] DROPPED incoming packet type=3
[NET] DROPPED outgoing packet type=5
ket 8 received (16 records, n_packets=16)
[Receiver] BLAST 22 packet 15 received (16 records, n_packets=16)
[Receiver] Received IS_BLAST_OVER for blast=22
[Receiver] Sent REC_MISS(empty)
[Receiver] Writing blast 22 data to disk...
[Receiver] Wrote 16384 bytes for blast 22 to data/output/1mb.bin
[Receiver] New BLAST 23 begins (packets=16)
[Receiver] BLAST 23 packet 1 received (16 records, n_packets=16)
[Receiver] BLAST 23 packet 2 received (16 records, n_packets=16)
[Receiver] BLAST 23 packet 3 received (16 records, n_packets=16)
[Receiver] BLAST 23 packet 4 received (16 records, n_packets=16)
[Receiver] BLAST 23 packet 5 received (16 records, n_packets=16)
[Receiver] BLAST 23 packet 6 received (16 records, n_packets=16)
[Receiver] BLAST 23 packet 7 received (16 records, n_packets=16)
[Receiver] BLAST 23 packet 8 received (16 records, n_packets=16)
[Receiver] BLAST 23 packet 10 received (16 records, n_packets=16)
[Receiver] BLAST 23 packet 11 received (16 records, n_packets=16)
[Receiver] BLAST 23 packet 12 received (16 records, n_packets=16)
[Receiver] BLAST 23 packet 13 received (16 records, n_packets=16)
[Receiver] BLAST 23 packet 14 received (16 records, n_packets=16)
[Receiver] BLAST 23 packet 15 received (16 records, n_packets=16)
[Receiver] Received IS_BLAST_OVER for blast=23
[Receiver] Sent REC_MISS(1 missing)
[Receiver] BLAST 23 packet 9 received (16 records, n_packets=16)
[Receiver] Received IS_BLAST_OVER for blast=23
[Receiver] Sent REC_MISS(empty)
[Receiver] Writing blast 23 data to disk...
[Receiver] Wrote 16384 bytes for blast 23 to data/output/1mb.bin
[Receiver] Got duplicate IS_BLAST_OVER for blast 23. Resending REC_MISS(0).
[Receiver] New BLAST 24 begins (packets=16)
[Receiver] BLAST 24 packet 1 received (16 records, n_packets=16)
[Receiver] BLAST 24 packet 2 received (16 records, n_packets=16)
[Receiver] BLAST 24 packet 4 received (16 records, n_packets=16)
[Receiver] BLAST 24 packet 5 received (16 records, n_packets=16)
[Receiver] BLAST 24 packet 6 received (16 records, n_packets=16)
[Receiver] BLAST 24 packet 7 received (16 records, n_packets=16)
[Receiver] BLAST 24 packet 8 received (16 records, n_packets=16)
[Receiver] BLAST 24 packet 9 received (16 records, n_packets=16)
[Receiver] BLAST 24 packet 10 received (16 records, n_packets=16)
[Receiver] BLAST 24 packet 11 received (16 records, n_packets=16)
[Receiver] BLAST 24 packet 12 received (16 records, n_packets=16)
[Receiver] BLAST 24 packet 13 received (16 records, n_packets=16)
[Receiver] BLAST 24 packet 14 received (16 records, n_packets=16)
[Receiver] BLAST 24 packet 15 received (16 records, n_packets=16)
[Receiver] Received IS_BLAST_OVER for blast=24
[Receiver] Sent REC_MISS(1 missing)
[Receiver] BLAST 24 packet 3 received (16 records, n_packets=16)
[Receiver] Received IS_BLAST_OVER for blast=24
[Receiver] Sent REC_MISS(empty)
[Receiver] Writing blast 24 data to disk...
[Receiver] Wrote 16384 bytes for blast 24 to data/output/1mb.bin
[Receiver] New BLAST 25 begins (packets=16)
[Receiver] BLAST 25 packet 1 received (16 records, n_packets=16)
[Receiver] BLAST 25 packet 2 received (16 records, n_packets=16)
[Receiver] BLAST 25 packet 3 received (16 records, n_packets=16)
[Receiver] BLAST 25 packet 4 received (16 records, n_packets=16)
[Receiver] BLAST 25 packet 5 received (16 records, n_packets=16)
[Receiver] BLAST 25 packet 6 received (16 records, n_packets=16)
[Receiver] BLAST 25 packet 7 received (16 records, n_packets=16)
[Receiver] BLAST 25 packet 8 received (16 records, n_packets=16)
[Receiver] BLAST 25 packet 10 received (16 records, n_packets=16)
[Receiver] BLAST 25 packet 11 received (16 records, n_packets=16)
[Receiver] BLAST 25 packet 12 received (16 records, n_packets=16)
[Receiver] BLAST 25 packet 13 received (16 records, n_packets=16)
[Receiver] BLAST 25 packet 14 received (16 records, n_packets=16)
[Receiver] BLAST 25 packet 15 received (16 records, n_packets=16)
[Receiver] Received IS_BLAST_OVER for blast=25
[Receiver] Sent REC_MISS(1 missing)
[Receiver] BLAST 25 packet 9 received (16 records, n_packets=16)
[Receiver] Received IS_B[NET] DROPPED incoming packet type=4
[NET] DROPPED incoming packet type=3
[NET] DROPPED incoming packet type=3
[NET] DROPPED incoming packet type=3
[NET] DROPPED incoming packet type=3
[NET] DROPPED incoming packet type=3
[NET] DROPPED incoming packet type=3
[NET] DROPPED incoming packet type=3
LAST_OVER for blast=25
[Receiver] Sent REC_MISS(empty)
[Receiver] Writing blast 25 data to disk...
[Receiver] Wrote 16384 bytes for blast 25 to data/output/1mb.bin
[Receiver] New BLAST 26 begins (packets=16)
[Receiver] BLAST 26 packet 1 received (16 records, n_packets=16)
[Receiver] BLAST 26 packet 2 received (16 records, n_packets=16)
[Receiver] BLAST 26 packet 3 received (16 records, n_packets=16)
[Receiver] BLAST 26 packet 4 received (16 records, n_packets=16)
[Receiver] BLAST 26 packet 5 received (16 records, n_packets=16)
[Receiver] BLAST 26 packet 7 received (16 records, n_packets=16)
[Receiver] BLAST 26 packet 9 received (16 records, n_packets=16)
[Receiver] BLAST 26 packet 10 received (16 records, n_packets=16)
[Receiver] BLAST 26 packet 11 received (16 records, n_packets=16)
[Receiver] BLAST 26 packet 12 received (16 records, n_packets=16)
[Receiver] BLAST 26 packet 13 received (16 records, n_packets=16)
[Receiver] BLAST 26 packet 14 received (16 records, n_packets=16)
[Receiver] BLAST 26 packet 15 received (16 records, n_packets=16)
[Receiver] Received IS_BLAST_OVER for blast=26
[Receiver] Sent REC_MISS(2 missing)
[Receiver] BLAST 26 packet 6 received (16 records, n_packets=16)
[Receiver] BLAST 26 packet 8 received (16 records, n_packets=16)
[Receiver] Received IS_BLAST_OVER for blast=26
[Receiver] Sent REC_MISS(empty)
[Receiver] Writing blast 26 data to disk...
[Receiver] Wrote 16384 bytes for blast 26 to data/output/1mb.bin
[Receiver] New BLAST 27 begins (packets=16)
[Receiver] BLAST 27 packet 1 received (16 records, n_packets=16)
[Receiver] BLAST 27 packet 4 received (16 records, n_packets=16)
[Receiver] BLAST 27 packet 5 received (16 records, n_packets=16)
[Receiver] BLAST 27 packet 6 received (16 records, n_packets=16)
[Receiver] BLAST 27 packet 7 received (16 records, n_packets=16)
[Receiver] BLAST 27 packet 8 received (16 records, n_packets=16)
[Receiver] BLAST 27 packet 9 received (16 records, n_packets=16)
[Receiver] BLAST 27 packet 10 received (16 records, n_packets=16)
[Receiver] BLAST 27 packet 11 received (16 records, n_packets=16)
[Receiver] BLAST 27 packet 12 received (16 records, n_packets=16)
[Receiver] BLAST 27 packet 13 received (16 records, n_packets=16)
[Receiver] BLAST 27 packet 14 received (16 records, n_packets=16)
[Receiver] Received IS_BLAST_OVER for blast=27
[Receiver] Sent REC_MISS(3 missing)
[Receiver] BLAST 27 packet 3 received (16 records, n_packets=16)
[Receiver] BLAST 27 packet 15 received (16 records, n_packets=16)
[Receiver] Received IS_BLAST_OVER for blast=27
[Receiver] Sent REC_MISS(1 missing)
[Receiver] BLAST 27 packet 2 received (16 records, n_packets=16)
[Receiver] Received IS_BLAST_OVER for blast=27
[Receiver] Sent REC_MISS(empty)
[Receiver] Writing blast 27 data to disk...
[Receiver] Wrote 16384 bytes for blast 27 to data/output/1mb.bin
[Receiver] New BLAST 28 begins (packets=16)
[Receiver] BLAST 28 packet 1 received (16 records, n_packets=16)
[Receiver] BLAST 28 packet 2 received (16 records, n_packets=16)
[Receiver] BLAST 28 packet 3 received (16 records, n_packets=16)
[Receiver] BLAST 28 packet 5 received (16 records, n_packets=16)
[Receiver] BLAST 28 packet 7 received (16 records, n_packets=16)
[Receiver] BLAST 28 packet 10 received (16 records, n_packets=16)
[Receiver] BLAST 28 packet 11 received (16 records, n_packets=16)
[Receiver] BLAST 28 packet 12 received (16 records, n_packets=16)
[Receiver] BLAST 28 packet 13 received (16 records, n_packets=16)
[Receiver] BLAST 28 packet 14 received (16 records, n_packets=16)
[Receiver] BLAST 28 packet 15 received (16 records, n_packets=16)
[Receiver] Received IS_BLAST_OVER for blast=28
[Receiver] Sent REC_MISS(4 missing)
[Receiver] BLAST 28 packet 4 received (16 records, n_packets=16)
[Receiver] BLAST 28 packet 6 received (16 records, n_packets=16)
[Receiver] BLAST 28 packet 8 received (16 records, n_packets=16)
[Receiver] BLAST 28 packet 9 received (16 records, n_packets=16)
[Receiver] Received IS_BLAST_OVER for blast=28
[Receiver] Sent REC_MISS(empty)
[Receiver] Writing blast 28 data to disk...
[Receiver] Wrote 16384 byt[NET] DROPPED incoming packet type=3
[NET] DROPPED incoming packet type=3
[NET] DROPPED incoming packet type=3
[NET] DROPPED incoming packet type=3
[NET] DROPPED incoming packet type=3
[NET] DROPPED incoming packet type=3
[NET] DROPPED outgoing packet type=5
es for blast 28 to data/output/1mb.bin
[Receiver] New BLAST 29 begins (packets=16)
[Receiver] BLAST 29 packet 1 received (16 records, n_packets=16)
[Receiver] BLAST 29 packet 2 received (16 records, n_packets=16)
[Receiver] BLAST 29 packet 3 received (16 records, n_packets=16)
[Receiver] BLAST 29 packet 4 received (16 records, n_packets=16)
[Receiver] BLAST 29 packet 5 received (16 records, n_packets=16)
[Receiver] BLAST 29 packet 6 received (16 records, n_packets=16)
[Receiver] BLAST 29 packet 8 received (16 records, n_packets=16)
[Receiver] BLAST 29 packet 9 received (16 records, n_packets=16)
[Receiver] BLAST 29 packet 10 received (16 records, n_packets=16)
[Receiver] BLAST 29 packet 11 received (16 records, n_packets=16)
[Receiver] BLAST 29 packet 12 received (16 records, n_packets=16)
[Receiver] BLAST 29 packet 13 received (16 records, n_packets=16)
[Receiver] BLAST 29 packet 14 received (16 records, n_packets=16)
[Receiver] BLAST 29 packet 15 received (16 records, n_packets=16)
[Receiver] Received IS_BLAST_OVER for blast=29
[Receiver] Sent REC_MISS(1 missing)
[Receiver] BLAST 29 packet 7 received (16 records, n_packets=16)
[Receiver] Received IS_BLAST_OVER for blast=29
[Receiver] Sent REC_MISS(empty)
[Receiver] Writing blast 29 data to disk...
[Receiver] Wrote 16384 bytes for blast 29 to data/output/1mb.bin
[Receiver] New BLAST 30 begins (packets=16)
[Receiver] BLAST 30 packet 2 received (16 records, n_packets=16)
[Receiver] BLAST 30 packet 3 received (16 records, n_packets=16)
[Receiver] BLAST 30 packet 4 received (16 records, n_packets=16)
[Receiver] BLAST 30 packet 5 received (16 records, n_packets=16)
[Receiver] BLAST 30 packet 6 received (16 records, n_packets=16)
[Receiver] BLAST 30 packet 7 received (16 records, n_packets=16)
[Receiver] BLAST 30 packet 8 received (16 records, n_packets=16)
[Receiver] BLAST 30 packet 9 received (16 records, n_packets=16)
[Receiver] BLAST 30 packet 10 received (16 records, n_packets=16)
[Receiver] BLAST 30 packet 11 received (16 records, n_packets=16)
[Receiver] BLAST 30 packet 12 received (16 records, n_packets=16)
[Receiver] BLAST 30 packet 14 received (16 records, n_packets=16)
[Receiver] Received IS_BLAST_OVER for blast=30
[Receiver] Sent REC_MISS(3 missing)
[Receiver] BLAST 30 packet 13 received (16 records, n_packets=16)
[Receiver] BLAST 30 packet 15 received (16 records, n_packets=16)
[Receiver] Received IS_BLAST_OVER for blast=30
[Receiver] Sent REC_MISS(1 missing)
[Receiver] BLAST 30 packet 0 received (16 records, n_packets=16)
[Receiver] Received IS_BLAST_OVER for blast=30
[Receiver] Sent REC_MISS(empty)
[Receiver] Writing blast 30 data to disk...
[Receiver] Wrote 16384 bytes for blast 30 to data/output/1mb.bin
[Receiver] Got duplicate IS_BLAST_OVER for blast 30. Resending REC_MISS(0).
[Receiver] New BLAST 31 begins (packets=16)
[Receiver] BLAST 31 packet 1 received (16 records, n_packets=16)
[Receiver] BLAST 31 packet 3 received (16 records, n_packets=16)
[Receiver] BLAST 31 packet 4 received (16 records, n_packets=16)
[Receiver] BLAST 31 packet 5 received (16 records, n_packets=16)
[Receiver] BLAST 31 packet 7 received (16 records, n_packets=16)
[Receiver] BLAST 31 packet 8 received (16 records, n_packets=16)
[Receiver] BLAST 31 packet 9 received (16 records, n_packets=16)
[Receiver] BLAST 31 packet 10 received (16 records, n_packets=16)
[Receiver] BLAST 31 packet 12 received (16 records, n_packets=16)
[Receiver] BLAST 31 packet 15 received (16 records, n_packets=16)
[Receiver] Received IS_BLAST_OVER for blast=31
[Receiver] Sent REC_MISS(5 missing)
[Receiver] BLAST 31 packet 2 received (16 records, n_packets=16)
[Receiver] BLAST 31 packet 6 received (16 records, n_packets=16)
[Receiver] BLAST 31 packet 11 received (16 records, n_packets=16)
[Receiver] BLAST 31 packet 13 received (16 records, n_packets=16)
[Receiver] BLAST 31 packet 14 received (16 records, n_packets=16)
[Receiver] Received IS_BLAST_OVER for blast=31
[Receiver] Sent REC_MISS(empty)
[Receiver] Writing blast 31 data to disk...
[Receiver] Wrote 16384 bytes for blast 31 to data/output/1mb.bin
[Receiver][NET] DROPPED incoming packet type=3
[NET] DROPPED outgoing packet type=5
[NET] DROPPED incoming packet type=3
[NET] DROPPED incoming packet type=3
 Got duplicate IS_BLAST_OVER for blast 31. Resending REC_MISS(0).
[Receiver] New BLAST 32 begins (packets=16)
[Receiver] BLAST 32 packet 2 received (16 records, n_packets=16)
[Receiver] BLAST 32 packet 4 received (16 records, n_packets=16)
[Receiver] BLAST 32 packet 5 received (16 records, n_packets=16)
[Receiver] BLAST 32 packet 6 received (16 records, n_packets=16)
[Receiver] BLAST 32 packet 7 received (16 records, n_packets=16)
[Receiver] BLAST 32 packet 8 received (16 records, n_packets=16)
[Receiver] BLAST 32 packet 9 received (16 records, n_packets=16)
[Receiver] BLAST 32 packet 10 received (16 records, n_packets=16)
[Receiver] BLAST 32 packet 11 received (16 records, n_packets=16)
[Receiver] BLAST 32 packet 12 received (16 records, n_packets=16)
[Receiver] BLAST 32 packet 13 received (16 records, n_packets=16)
[Receiver] BLAST 32 packet 14 received (16 records, n_packets=16)
[Receiver] BLAST 32 packet 15 received (16 records, n_packets=16)
[Receiver] Received IS_BLAST_OVER for blast=32
[Receiver] Sent REC_MISS(2 missing)
[Receiver] BLAST 32 packet 1 received (16 records, n_packets=16)
[Receiver] BLAST 32 packet 3 received (16 records, n_packets=16)
[Receiver] Received IS_BLAST_OVER for blast=32
[Receiver] Sent REC_MISS(empty)
[Receiver] Writing blast 32 data to disk...
[Receiver] Wrote 16384 bytes for blast 32 to data/output/1mb.bin
[Receiver] New BLAST 33 begins (packets=16)
[Receiver] BLAST 33 packet 1 received (16 records, n_packets=16)
[Receiver] BLAST 33 packet 2 received (16 records, n_packets=16)
[Receiver] BLAST 33 packet 3 received (16 records, n_packets=16)
[Receiver] BLAST 33 packet 4 received (16 records, n_packets=16)
[Receiver] BLAST 33 packet 5 received (16 records, n_packets=16)
[Receiver] BLAST 33 packet 6 received (16 records, n_packets=16)
[Receiver] BLAST 33 packet 7 received (16 records, n_packets=16)
[Receiver] BLAST 33 packet 8 received (16 records, n_packets=16)
[Receiver] BLAST 33 packet 9 received (16 records, n_packets=16)
[Receiver] BLAST 33 packet 10 received (16 records, n_packets=16)
[Receiver] BLAST 33 packet 11 received (16 records, n_packets=16)
[Receiver] BLAST 33 packet 13 received (16 records, n_packets=16)
[Receiver] BLAST 33 packet 14 received (16 records, n_packets=16)
[Receiver] BLAST 33 packet 15 received (16 records, n_packets=16)
[Receiver] Received IS_BLAST_OVER for blast=33
[Receiver] Sent REC_MISS(1 missing)
[Receiver] BLAST 33 packet 12 received (16 records, n_packets=16)
[Receiver] Received IS_BLAST_OVER for blast=33
[Receiver] Sent REC_MISS(empty)
[Receiver] Writing blast 33 data to disk...
[Receiver] Wrote 16384 bytes for blast 33 to data/output/1mb.bin
[Receiver] Got duplicate IS_BLAST_OVER for blast 33. Resending REC_MISS(0).
[Receiver] New BLAST 34 begins (packets=16)
[Receiver] BLAST 34 packet 2 received (16 records, n_packets=16)
[Receiver] BLAST 34 packet 4 received (16 records, n_packets=16)
[Receiver] BLAST 34 packet 5 received (16 records, n_packets=16)
[Receiver] BLAST 34 packet 6 received (16 records, n_packets=16)
[Receiver] BLAST 34 packet 7 received (16 records, n_packets=16)
[Receiver] BLAST 34 packet 8 received (16 records, n_packets=16)
[Receiver] BLAST 34 packet 9 received (16 records, n_packets=16)
[Receiver] BLAST 34 packet 10 received (16 records, n_packets=16)
[Receiver] BLAST 34 packet 11 received (16 records, n_packets=16)
[Receiver] BLAST 34 packet 12 received (16 records, n_packets=16)
[Receiver] BLAST 34 packet 13 received (16 records, n_packets=16)
[Receiver] BLAST 34 packet 15 received (16 records, n_packets=16)
[Receiver] Received IS_BLAST_OVER for blast=34
[Receiver] Sent REC_MISS(3 missing)
[Receiver] BLAST 34 packet 3 received (16 records, n_packets=16)
[Receiver] BLAST 34 packet 14 received (16 records, n_packets=16)
[Receiver] Received IS_BLAST_OVER for blast=34
[Receiver] Sent REC_MISS(1 missing)
[Receiver] BLAST 34 packet 0 received (16 records, n_packets=16)
[Receiver] Received IS_BLAST_OVER for blast=34
[Receiver] Sent REC_MISS(empty)
[Receiver] Writing blast 34 data to disk...
[Receiver] Wrote 16384 bytes for blast 34 to dat[NET] DROPPED incoming packet type=3
[NET] DROPPED incoming packet type=3
[NET] DROPPED incoming packet type=3
[NET] DROPPED incoming packet type=4
[NET] DROPPED outgoing packet type=5
a/output/1mb.bin
[Receiver] New BLAST 35 begins (packets=16)
[Receiver] BLAST 35 packet 1 received (16 records, n_packets=16)
[Receiver] BLAST 35 packet 3 received (16 records, n_packets=16)
[Receiver] BLAST 35 packet 4 received (16 records, n_packets=16)
[Receiver] BLAST 35 packet 6 received (16 records, n_packets=16)
[Receiver] BLAST 35 packet 7 received (16 records, n_packets=16)
[Receiver] BLAST 35 packet 8 received (16 records, n_packets=16)
[Receiver] BLAST 35 packet 9 received (16 records, n_packets=16)
[Receiver] BLAST 35 packet 10 received (16 records, n_packets=16)
[Receiver] BLAST 35 packet 11 received (16 records, n_packets=16)
[Receiver] BLAST 35 packet 12 received (16 records, n_packets=16)
[Receiver] BLAST 35 packet 14 received (16 records, n_packets=16)
[Receiver] BLAST 35 packet 15 received (16 records, n_packets=16)
[Receiver] Received IS_BLAST_OVER for blast=35
[Receiver] Sent REC_MISS(3 missing)
[Receiver] BLAST 35 packet 2 received (16 records, n_packets=16)
[Receiver] BLAST 35 packet 5 received (16 records, n_packets=16)
[Receiver] BLAST 35 packet 13 received (16 records, n_packets=16)
[Receiver] Received IS_BLAST_OVER for blast=35
[Receiver] Sent REC_MISS(empty)
[Receiver] Writing blast 35 data to disk...
[Receiver] Wrote 16384 bytes for blast 35 to data/output/1mb.bin
[Receiver] New BLAST 36 begins (packets=16)
[Receiver] BLAST 36 packet 1 received (16 records, n_packets=16)
[Receiver] BLAST 36 packet 2 received (16 records, n_packets=16)
[Receiver] BLAST 36 packet 3 received (16 records, n_packets=16)
[Receiver] BLAST 36 packet 5 received (16 records, n_packets=16)
[Receiver] BLAST 36 packet 6 received (16 records, n_packets=16)
[Receiver] BLAST 36 packet 7 received (16 records, n_packets=16)
[Receiver] BLAST 36 packet 8 received (16 records, n_packets=16)
[Receiver] BLAST 36 packet 9 received (16 records, n_packets=16)
[Receiver] BLAST 36 packet 10 received (16 records, n_packets=16)
[Receiver] BLAST 36 packet 11 received (16 records, n_packets=16)
[Receiver] BLAST 36 packet 12 received (16 records, n_packets=16)
[Receiver] BLAST 36 packet 13 received (16 records, n_packets=16)
[Receiver] BLAST 36 packet 14 received (16 records, n_packets=16)
[Receiver] BLAST 36 packet 15 received (16 records, n_packets=16)
[Receiver] Received IS_BLAST_OVER for blast=36
[Receiver] Sent REC_MISS(1 missing)
[Receiver] BLAST 36 packet 4 received (16 records, n_packets=16)
[Receiver] Received IS_BLAST_OVER for blast=36
[Receiver] Sent REC_MISS(empty)
[Receiver] Writing blast 36 data to disk...
[Receiver] Wrote 16384 bytes for blast 36 to data/output/1mb.bin
[Receiver] New BLAST 37 begins (packets=16)
[Receiver] BLAST 37 packet 2 received (16 records, n_packets=16)
[Receiver] BLAST 37 packet 3 received (16 records, n_packets=16)
[Receiver] BLAST 37 packet 4 received (16 records, n_packets=16)
[Receiver] BLAST 37 packet 5 received (16 records, n_packets=16)
[Receiver] BLAST 37 packet 6 received (16 records, n_packets=16)
[Receiver] BLAST 37 packet 7 received (16 records, n_packets=16)
[Receiver] BLAST 37 packet 8 received (16 records, n_packets=16)
[Receiver] BLAST 37 packet 10 received (16 records, n_packets=16)
[Receiver] BLAST 37 packet 11 received (16 records, n_packets=16)
[Receiver] BLAST 37 packet 13 received (16 records, n_packets=16)
[Receiver] BLAST 37 packet 14 received (16 records, n_packets=16)
[Receiver] BLAST 37 packet 15 received (16 records, n_packets=16)
[Receiver] Received IS_BLAST_OVER for blast=37
[Receiver] Sent REC_MISS(3 missing)
[Receiver] BLAST 37 packet 0 received (16 records, n_packets=16)
[Receiver] BLAST 37 packet 9 received (16 records, n_packets=16)
[Receiver] Received IS_BLAST_OVER for blast=37
[Receiver] Sent REC_MISS(1 missing)
[Receiver] Received IS_BLAST_OVER for blast=37
[Receiver] Sent REC_MISS(1 missing)
[Receiver] BLAST 37 packet 12 received (16 records, n_packets=16)
[Receiver] Received IS_BLAST_OVER for blast=37
[Receiver] Sent REC_MISS(empty)
[Receiver] Writing blast 37 data to disk...
[Receiver] Wrote 16384 bytes for blast 37 to data/output/1mb.bin
[Receiver] New BLAST 38 b[NET] DROPPED incoming packet type=3
[NET] DROPPED incoming packet type=3
egins (packets=16)
[Receiver] BLAST 38 packet 1 received (16 records, n_packets=16)
[Receiver] BLAST 38 packet 2 received (16 records, n_packets=16)
[Receiver] BLAST 38 packet 3 received (16 records, n_packets=16)
[Receiver] BLAST 38 packet 5 received (16 records, n_packets=16)
[Receiver] BLAST 38 packet 6 received (16 records, n_packets=16)
[Receiver] BLAST 38 packet 7 received (16 records, n_packets=16)
[Receiver] BLAST 38 packet 8 received (16 records, n_packets=16)
[Receiver] BLAST 38 packet 9 received (16 records, n_packets=16)
[Receiver] BLAST 38 packet 10 received (16 records, n_packets=16)
[Receiver] BLAST 38 packet 11 received (16 records, n_packets=16)
[Receiver] BLAST 38 packet 12 received (16 records, n_packets=16)
[Receiver] BLAST 38 packet 13 received (16 records, n_packets=16)
[Receiver] BLAST 38 packet 14 received (16 records, n_packets=16)
[Receiver] BLAST 38 packet 15 received (16 records, n_packets=16)
[Receiver] Received IS_BLAST_OVER for blast=38
[Receiver] Sent REC_MISS(1 missing)
[Receiver] BLAST 38 packet 4 received (16 records, n_packets=16)
[Receiver] Received IS_BLAST_OVER for blast=38
[Receiver] Sent REC_MISS(empty)
[Receiver] Writing blast 38 data to disk...
[Receiver] Wrote 16384 bytes for blast 38 to data/output/1mb.bin
[Receiver] New BLAST 39 begins (packets=16)
[Receiver] BLAST 39 packet 1 received (16 records, n_packets=16)
[Receiver] BLAST 39 packet 2 received (16 records, n_packets=16)
[Receiver] BLAST 39 packet 3 received (16 records, n_packets=16)
[Receiver] BLAST 39 packet 4 received (16 records, n_packets=16)
[Receiver] BLAST 39 packet 5 received (16 records, n_packets=16)
[Receiver] BLAST 39 packet 6 received (16 records, n_packets=16)
[Receiver] BLAST 39 packet 7 received (16 records, n_packets=16)
[Receiver] BLAST 39 packet 8 received (16 records, n_packets=16)
[Receiver] BLAST 39 packet 9 received (16 records, n_packets=16)
[Receiver] BLAST 39 packet 10 received (16 records, n_packets=16)
[Receiver] BLAST 39 packet 11 received (16 records, n_packets=16)
[Receiver] BLAST 39 packet 12 received (16 records, n_packets=16)
[Receiver] BLAST 39 packet 13 received (16 records, n_packets=16)
[Receiver] BLAST 39 packet 14 received (16 records, n_packets=16)
[Receiver] BLAST 39 packet 15 received (16 records, n_packets=16)
[Receiver] Received IS_BLAST_OVER for blast=39
[Receiver] Sent REC_MISS(empty)
[Receiver] Writing blast 39 data to disk...
[Receiver] Wrote 16384 bytes for blast 39 to data/output/1mb.bin
[Receiver] New BLAST 40 begins (packets=16)
[Receiver] BLAST 40 packet 1 received (16 records, n_packets=16)
[Receiver] BLAST 40 packet 3 received (16 records, n_packets=16)
[Receiver] BLAST 40 packet 6 received (16 records, n_packets=16)
[Receiver] BLAST 40 packet 7 received (16 records, n_packets=16)
[Receiver] BLAST 40 packet 8 received (16 records, n_packets=16)
[Receiver] BLAST 40 packet 9 received (16 records, n_packets=16)
[Receiver] BLAST 40 packet 11 received (16 records, n_packets=16)
[Receiver] BLAST 40 packet 12 received (16 records, n_packets=16)
[Receiver] BLAST 40 packet 13 received (16 records, n_packets=16)
[Receiver] BLAST 40 packet 14 received (16 records, n_packets=16)
[Receiver] BLAST 40 packet 15 received (16 records, n_packets=16)
[Receiver] Received IS_BLAST_OVER for blast=40
[Receiver] Sent REC_MISS(4 missing)
[Receiver] BLAST 40 packet 2 received (16 records, n_packets=16)
[Receiver] BLAST 40 packet 4 received (16 records, n_packets=16)
[Receiver] BLAST 40 packet 5 received (16 records, n_packets=16)
[Receiver] BLAST 40 packet 10 received (16 records, n_packets=16)
[Receiver] Received IS_BLAST_OVER for blast=40
[Receiver] Sent REC_MISS(empty)
[Receiver] Writing blast 40 data to disk...
[Receiver] Wrote 16384 bytes for blast 40 to data/output/1mb.bin
[Receiver] New BLAST 41 begins (packets=16)
[Receiver] BLAST 41 packet 1 received (16 records, n_packets=16)
[Receiver] BLAST 41 packet 2 received (16 records, n_packets=16)
[Receiver] BLAST 41 packet 3 received (16 records, n_packets=16)
[Receiver] BLAST 41 packet 4 received (16 records, n_packets=16)
[Receiver] BLAST 41 packet 5 received (16 records, n_packets=16)
[Receiver] BLAST 41 packet 6 received (16 records, n_packets=16)
[Receiver] BLAST 41 packet 7 received (16 records, n_packets=16)
[Receiver] BLAST 41 packet 8 received (16 records, n_packets=16)
[Receiver] BLAST 41 packet 9 received (16 records, n_packets=16)
[Receiver] BLAST 41 packet 10 received (16 records, n_packets=16)
[Receiver] BLAST 41 packet 11 received (16 records, n_packets=16)
[Receiver] BLAST 41 packet 12 received (16 records, n_packets=16)
[Receiver] BLAST 41 packet 13 received (16 records, n_packets=16)
[Receiver] BLAST 41 packet 14 received (16 records, n_packets=16)
[Receiver] BLAST 41 packet 15 received (16 records, n_packets=16)
[Receiver] Received IS_BLAST_OVER for blast=41
[Receiver] Sent REC_MISS(empty)
[Receiver] Writing blast 41 data to disk...
[Receiver] Wrote 16384 bytes for blast 41 to data/output/1mb.bin
[Receiver] New BLAST 42 begins (packets=16)
[Receiver] BLAST 42 packet 2 received (16 records, n_packets=16)
[Receiver] BLAST 42 packet 3 received (16 records, n_packets=16)
[Receiver] BLAST 42 packet 4 received (16 records, n_packets=16)
[Receiver] BLAST 42 packet 5 received (16 records, n_packets=16)
[Receiver] BLAST 42 packet 6 received (16 records, n_packets=16)
[Receiver] BLAST 42 packet 7 received (16 records, n_packets=16)
[Receiver] BLAST 42 packet 8 received (16 records, n_packets=16)
[Receiver] BLAST 42 packet 9 received (16 records, n_packets=16)
[Receiver] BLAST 42 packet 10 received (16 records, n_packets=16)
[Receiver] BLAST 42 packet 11 received (16 records, n_packets=16)
[Receiver] BLAST 42 packet 12 received (16 records, n_packets=16)
[Receiver] BLAST 42 packet 13 received (16 records, n_packets=16)
[Receiver] BLAST 42 packet 15 received (16 records, n_packets=16)
[Receiver] Received IS_BLAST_OVER for blast=42
[Receiver] Sent REC_MISS(2 missing)
[Receiver] BLAST 42 packet 0 received (16 records, n_packets=16)
[Receiver] BLAST 42 packet 14 received (16 records, n_packets=16)
[Receiver] Received IS_BLAST_OVER for blast=42
[Receiver] Sent REC_MISS(empty)
[Receiver] Writing blast 42 data to disk...
[Receiver] Wrote 16384 bytes for blast 42 to data/output/1mb.bin
[Receiver] New BLAST 43 begins (packets=16)
[Receiver] BLAST 43 packet 1 received (16 records, n_packets=16)
[Receiver] BLAST 43 packet 3 received (16 records, n_packets=16)
[Receiver] BLAST 43 packet 4 received (16 records, n_packets=16)
[Receiver] BLAST 43 packet 5 received (16 records, n_packets=16)
[Receiver] BLAST 43 packet 6 received (16 records, n_packets=16)
[Receiver] BLAST 43 packet 7 received (16 records, n_packets=16)
[Receiver] BLAST 43 packet 8 received (16 records, n_packets=16)
[Receiver] BLAST 43 packet 9 received (16 records, n_packets=16)
[Receiver] BLAST 43 packet 10 received (16 records, n_packets=16)
[Receiver] BLAST 43 packet 11 received (16 records, n_packets=16)
[Receiver] BLAST 43 packet 12 received (16 records, n_packets=16)
[Receiver] BLAST 43 packet 13 received (16 records, n_packets=16)
[Receiver] BLAST 43 packet 14 received (16 records, n_packets=16)
[Receiver] BLAST 43 packet 15 received (16 records, n_packets=16)
[Receiver] Received IS_BLAST_OVER for blast=43
[Receiver] Sent REC_MISS(1 missing)
[Receiver] BLAST 43 packet 2 received (16 records, n_packets=16)
[Receiver] Received IS_BLAST_OVER for blast=43
[Receiver] Sent REC_MISS(empty)
[Receiver] Writing blast 43 data to disk...
[Receiver] Wrote 16384 bytes for blast 43 to data/output/1mb.bin
[Receiver] New BLAST 44 begins (packets=16)
[Receiver] BLAST 44 packet 1 received (16 records, n_packets=16)
[Receiver] BLAST 44 packet 2 received (16 records, n_packets=16)
[Receiver] BLAST 44 packet 3 received (16 records, n_packets=16)
[Receiver] BLAST 44 packet 4 received (16 records, n_packets=16)
[Receiver] BLAST 44 packet 5 received (16 records, n_packets=16)
[Receiver] BLAST 44 packet 7 received (16 records, n_packets=16)
[Receiver] BLAST 44 packet 8 received (16 records, n_packets=16)
[Receiver] BLAST 44 packet 9 received (16 records, n_packets=16)
[Receiver] BLAST 44 packet 10 received (16 [NET] DROPPED incoming packet type=3
[NET] DROPPED incoming packet type=3
[NET] DROPPED incoming packet type=4
records, n_packets=16)
[Receiver] BLAST 44 packet 11 received (16 records, n_packets=16)
[Receiver] BLAST 44 packet 12 received (16 records, n_packets=16)
[Receiver] BLAST 44 packet 13 received (16 records, n_packets=16)
[Receiver] BLAST 44 packet 14 received (16 records, n_packets=16)
[Receiver] Received IS_BLAST_OVER for blast=44
[Receiver] Sent REC_MISS(2 missing)
[Receiver] BLAST 44 packet 6 received (16 records, n_packets=16)
[Receiver] BLAST 44 packet 15 received (16 records, n_packets=16)
[Receiver] Received IS_BLAST_OVER for blast=44
[Receiver] Sent REC_MISS(empty)
[Receiver] Writing blast 44 data to disk...
[Receiver] Wrote 16384 bytes for blast 44 to data/output/1mb.bin
[Receiver] New BLAST 45 begins (packets=16)
[Receiver] BLAST 45 packet 1 received (16 records, n_packets=16)
[Receiver] BLAST 45 packet 2 received (16 records, n_packets=16)
[Receiver] BLAST 45 packet 3 received (16 records, n_packets=16)
[Receiver] BLAST 45 packet 4 received (16 records, n_packets=16)
[Receiver] BLAST 45 packet 5 received (16 records, n_packets=16)
[Receiver] BLAST 45 packet 6 received (16 records, n_packets=16)
[Receiver] BLAST 45 packet 7 received (16 records, n_packets=16)
[Receiver] BLAST 45 packet 8 received (16 records, n_packets=16)
[Receiver] BLAST 45 packet 9 received (16 records, n_packets=16)
[Receiver] BLAST 45 packet 10 received (16 records, n_packets=16)
[Receiver] BLAST 45 packet 11 received (16 records, n_packets=16)
[Receiver] BLAST 45 packet 12 received (16 records, n_packets=16)
[Receiver] BLAST 45 packet 13 received (16 records, n_packets=16)
[Receiver] BLAST 45 packet 14 received (16 records, n_packets=16)
[Receiver] BLAST 45 packet 15 received (16 records, n_packets=16)
[Receiver] Received IS_BLAST_OVER for blast=45
[Receiver] Sent REC_MISS(empty)
[Receiver] Writing blast 45 data to disk...
[Receiver] Wrote 16384 bytes for blast 45 to data/output/1mb.bin
[Receiver] New BLAST 46 begins (packets=16)
[Receiver] BLAST 46 packet 1 received (16 records, n_packets=16)
[Receiver] BLAST 46 packet 2 received (16 records, n_packets=16)
[Receiver] BLAST 46 packet 3 received (16 records, n_packets=16)
[Receiver] BLAST 46 packet 4 received (16 records, n_packets=16)
[Receiver] BLAST 46 packet 5 received (16 records, n_packets=16)
[Receiver] BLAST 46 packet 6 received (16 records, n_packets=16)
[Receiver] BLAST 46 packet 7 received (16 records, n_packets=16)
[Receiver] BLAST 46 packet 8 received (16 records, n_packets=16)
[Receiver] BLAST 46 packet 11 received (16 records, n_packets=16)
[Receiver] BLAST 46 packet 12 received (16 records, n_packets=16)
[Receiver] BLAST 46 packet 13 received (16 records, n_packets=16)
[Receiver] BLAST 46 packet 14 received (16 records, n_packets=16)
[Receiver] BLAST 46 packet 15 received (16 records, n_packets=16)
[Receiver] Received IS_BLAST_OVER for blast=46
[Receiver] Sent REC_MISS(2 missing)
[Receiver] Received IS_BLAST_OVER for blast=46
[Receiver] Sent REC_MISS(2 missing)
[Receiver] BLAST 46 packet 9 received (16 records, n_packets=16)
[Receiver] BLAST 46 packet 10 received (16 records, n_packets=16)
[Receiver] Received IS_BLAST_OVER for blast=46
[Receiver] Sent REC_MISS(empty)
[Receiver] Writing blast 46 data to disk...
[Receiver] Wrote 16384 bytes for blast 46 to data/output/1mb.bin
[Receiver] New BLAST 47 begins (packets=16)
[Receiver] BLAST 47 packet 1 received (16 records, n_packets=16)
[Receiver] BLAST 47 packet 2 received (16 records, n_packets=16)
[Receiver] BLAST 47 packet 3 received (16 records, n_packets=16)
[Receiver] BLAST 47 packet 4 received (16 records, n_packets=16)
[Receiver] BLAST 47 packet 5 received (16 records, n_packets=16)
[Receiver] BLAST 47 packet 6 received (16 records, n_packets=16)
[Receiver] BLAST 47 packet 7 received (16 records, n_packets=16)
[Receiver] BLAST 47 packet 8 received (16 records, n_packets=16)
[Receiver] BLAST 47 packet 9 received (16 records, n_packets=16)
[Receiver] BLAST 47 packet 10 received (16 records, n_packets=16)
[Receiver] BLAST 47 packet 11 received (16 records, n_packets=16)
[Receiver] BLAST 47 packet 12 received (16 records, n_[NET] DROPPED incoming packet type=3
[Receiver] Timed out mid-blast. Aborting.
packets=16)
[Receiver] BLAST 47 packet 13 received (16 records, n_packets=16)
[Receiver] BLAST 47 packet 15 received (16 records, n_packets=16)
[Receiver] Received IS_BLAST_OVER for blast=47
[Receiver] Sent REC_MISS(1 missing)
[Receiver] BLAST 47 packet 14 received (16 records, n_packets=16)
[Receiver] Done.

[NET-STATS]
 Sent packets:     106
 Received packets: 902
 Dropped outgoing: 6
 Dropped incoming: 44
